<?xml version="1.0" encoding="UTF-8"?>
<!-- Generated by org.testng.reporters.JUnitXMLReporter -->
<testsuite ignored="9" hostname="DESKTOP-FVNSSMO" failures="0" tests="1" name="Test" time="98.699" errors="0" timestamp="2024-10-07T20:31:03 IST">
  <testcase classname="QAlegendTestCases.TestCases" name="verifyAddUser" time="57.849"/>
  <testcase classname="QAlegendTestCases.TestCases" name="verifyDeleteUser" time="0.0">
    <ignored/>
  </testcase> <!-- verifyDeleteUser -->
  <testcase classname="QAlegendTestCases.TestCases" name="verifyAddSalesCommission" time="0.0">
    <ignored/>
  </testcase> <!-- verifyAddSalesCommission -->
  <testcase classname="QAlegendTestCases.TestCases" name="verifyAddCustomer" time="0.0">
    <ignored/>
  </testcase> <!-- verifyAddCustomer -->
  <testcase classname="QAlegendTestCases.TestCases" name="verifyAddCustomerGroup" time="0.0">
    <ignored/>
  </testcase> <!-- verifyAddCustomerGroup -->
  <testcase classname="QAlegendTestCases.TestCases" name="verifyAddRoles" time="0.0">
    <ignored/>
  </testcase> <!-- verifyAddRoles -->
  <testcase classname="QAlegendTestCases.TestCases" name="verifyAddBrand" time="0.0">
    <ignored/>
  </testcase> <!-- verifyAddBrand -->
  <testcase classname="QAlegendTestCases.TestCases" name="verifyAddCategories" time="0.0">
    <ignored/>
  </testcase> <!-- verifyAddCategories -->
  <testcase classname="QAlegendTestCases.TestCases" name="verifyAddUnits" time="0.0">
    <ignored/>
  </testcase> <!-- verifyAddUnits -->
  <testcase classname="QAlegendTestCases.TestCases" name="verifyAddSuppliers" time="0.0">
    <ignored/>
  </testcase> <!-- verifyAddSuppliers -->
</testsuite> <!-- Test -->
