<?xml version="1.0" encoding="UTF-8"?>
<testng-results ignored="0" total="1" passed="1" failed="0" skipped="0">
  <reporter-output>
  </reporter-output>
  <suite started-at="2024-10-07T20:29:19 IST" name="Suite" finished-at="2024-10-07T20:30:58 IST" duration-ms="98699">
    <groups>
      <group name="regression">
        <method signature="TestCases.verifyAddUser()[pri:0, instance:QAlegendTestCases.TestCases@593aaf41]" name="verifyAddUser" class="QAlegendTestCases.TestCases"/>
      </group> <!-- regression -->
    </groups>
    <test started-at="2024-10-07T20:29:19 IST" name="Test" finished-at="2024-10-07T20:30:58 IST" duration-ms="98699">
      <class name="QAlegendTestCases.TestCases">
        <test-method is-config="true" signature="initialization(java.lang.String)[pri:0, instance:QAlegendTestCases.TestCases@593aaf41]" started-at="2024-10-07T20:29:20 IST" name="initialization" finished-at="2024-10-07T20:30:00 IST" duration-ms="40064" status="PASS">
          <params>
            <param index="0">
              <value>
                <![CDATA[Edge]]>
              </value>
            </param>
          </params>
          <reporter-output>
          </reporter-output>
        </test-method> <!-- initialization -->
        <test-method signature="verifyAddUser()[pri:0, instance:QAlegendTestCases.TestCases@593aaf41]" started-at="2024-10-07T20:30:00 IST" name="verifyAddUser" finished-at="2024-10-07T20:30:57 IST" duration-ms="57849" status="PASS">
          <reporter-output>
          </reporter-output>
        </test-method> <!-- verifyAddUser -->
      </class> <!-- QAlegendTestCases.TestCases -->
    </test> <!-- Test -->
  </suite> <!-- Suite -->
</testng-results>
